mode: set
github.com/WillyV3/cp3/internal/bridge/bridge.go:23.102,24.37 1 1
github.com/WillyV3/cp3/internal/bridge/bridge.go:24.37,26.3 1 0
github.com/WillyV3/cp3/internal/bridge/bridge.go:27.2,28.16 2 1
github.com/WillyV3/cp3/internal/bridge/bridge.go:28.16,30.3 1 0
github.com/WillyV3/cp3/internal/bridge/bridge.go:31.2,31.29 1 1
github.com/WillyV3/cp3/internal/bridge/bridge.go:31.29,33.3 1 0
github.com/WillyV3/cp3/internal/bridge/bridge.go:34.2,36.64 3 1
github.com/WillyV3/cp3/internal/bridge/bridge.go:36.64,37.35 1 0
github.com/WillyV3/cp3/internal/bridge/bridge.go:37.35,39.4 1 0
github.com/WillyV3/cp3/internal/bridge/bridge.go:41.2,41.89 1 1
github.com/WillyV3/cp3/internal/bridge/bridge.go:41.89,43.3 1 1
github.com/WillyV3/cp3/internal/bridge/bridge.go:44.2,44.12 1 0
github.com/WillyV3/cp3/internal/bridge/bridge.go:50.100,53.6 3 1
github.com/WillyV3/cp3/internal/bridge/bridge.go:53.6,54.10 1 1
github.com/WillyV3/cp3/internal/bridge/bridge.go:55.21,57.10 2 0
github.com/WillyV3/cp3/internal/bridge/bridge.go:58.15,60.18 2 1
github.com/WillyV3/cp3/internal/bridge/bridge.go:60.18,61.13 1 1
github.com/WillyV3/cp3/internal/bridge/bridge.go:63.4,63.41 1 1
github.com/WillyV3/cp3/internal/bridge/bridge.go:63.41,66.5 2 1
github.com/WillyV3/cp3/internal/bridge/bridge.go:68.4,68.47 1 0
github.com/WillyV3/cp3/internal/bridge/bridge.go:68.47,69.44 1 0
github.com/WillyV3/cp3/internal/bridge/bridge.go:69.44,72.6 2 0
github.com/WillyV3/cp3/internal/bridge/bridge.go:73.5,73.78 1 0
github.com/WillyV3/cp3/identity.go:14.66,15.20 1 1
github.com/WillyV3/cp3/identity.go:15.20,17.3 1 1
github.com/WillyV3/cp3/identity.go:18.2,18.51 1 1
github.com/WillyV3/cp3/identity.go:18.51,20.3 1 1
github.com/WillyV3/cp3/identity.go:21.2,21.82 1 1
github.com/WillyV3/cp3/identity.go:21.82,22.49 1 1
github.com/WillyV3/cp3/identity.go:22.49,24.4 1 1
github.com/WillyV3/cp3/identity.go:26.2,26.64 1 1
github.com/WillyV3/cp3/identity.go:26.64,28.3 1 1
github.com/WillyV3/cp3/identity.go:29.2,29.19 1 0
github.com/WillyV3/cp3/identity.go:35.36,38.58 3 1
github.com/WillyV3/cp3/identity.go:38.58,39.10 1 1
github.com/WillyV3/cp3/identity.go:40.71,42.16 2 1
github.com/WillyV3/cp3/identity.go:43.11,44.28 1 1
github.com/WillyV3/cp3/identity.go:44.28,47.5 2 1
github.com/WillyV3/cp3/identity.go:50.2,51.19 2 1
github.com/WillyV3/cp3/identity.go:51.19,53.3 1 1
github.com/WillyV3/cp3/identity.go:54.2,54.12 1 1
github.com/WillyV3/cp3/peers.go:88.40,91.17 3 1
github.com/WillyV3/cp3/peers.go:91.17,92.55 1 1
github.com/WillyV3/cp3/peers.go:92.55,93.47 1 1
github.com/WillyV3/cp3/peers.go:93.47,95.5 1 1
github.com/WillyV3/cp3/peers.go:96.9,98.4 1 0
github.com/WillyV3/cp3/peers.go:100.2,100.53 1 1
github.com/WillyV3/cp3/peers.go:106.40,107.44 1 0
github.com/WillyV3/cp3/peers.go:107.44,107.51 1 0
github.com/WillyV3/cp3/peers.go:112.26,113.45 1 1
github.com/WillyV3/cp3/peers.go:113.45,115.3 1 1
github.com/WillyV3/cp3/peers.go:116.2,116.64 1 0
github.com/WillyV3/cp3/peers.go:116.64,118.3 1 0
github.com/WillyV3/cp3/peers.go:119.2,119.32 1 0
github.com/WillyV3/cp3/peers.go:123.41,125.16 2 0
github.com/WillyV3/cp3/peers.go:125.16,127.3 1 0
github.com/WillyV3/cp3/peers.go:128.2,129.16 2 0
github.com/WillyV3/cp3/peers.go:129.16,131.3 1 0
github.com/WillyV3/cp3/peers.go:132.2,132.18 1 0
github.com/WillyV3/cp3/peers.go:137.57,146.9 2 1
github.com/WillyV3/cp3/peers.go:147.19,148.51 1 0
github.com/WillyV3/cp3/peers.go:149.19,150.41 1 1
github.com/WillyV3/cp3/peers.go:152.2,153.16 2 1
github.com/WillyV3/cp3/peers.go:153.16,155.3 1 1
github.com/WillyV3/cp3/peers.go:156.2,157.16 2 1
github.com/WillyV3/cp3/peers.go:157.16,160.3 2 0
github.com/WillyV3/cp3/peers.go:161.2,161.37 1 1
github.com/WillyV3/cp3/peers.go:165.26,165.42 1 1
github.com/WillyV3/cp3/peers.go:169.36,169.51 1 0
github.com/WillyV3/cp3/peers.go:173.51,184.16 2 1
github.com/WillyV3/cp3/peers.go:184.16,186.3 1 0
github.com/WillyV3/cp3/peers.go:187.2,191.16 2 1
github.com/WillyV3/cp3/peers.go:191.16,193.3 1 0
github.com/WillyV3/cp3/peers.go:194.2,195.12 2 1
github.com/WillyV3/cp3/peers.go:199.76,200.17 1 1
github.com/WillyV3/cp3/peers.go:200.17,202.3 1 1
github.com/WillyV3/cp3/peers.go:203.2,204.16 2 0
github.com/WillyV3/cp3/peers.go:204.16,206.3 1 0
github.com/WillyV3/cp3/peers.go:207.2,208.16 2 0
github.com/WillyV3/cp3/peers.go:211.21,215.2 3 1
github.com/WillyV3/cp3/peers.go:217.24,217.57 1 1
github.com/WillyV3/cp3/peers.go:220.106,222.16 2 1
github.com/WillyV3/cp3/peers.go:222.16,224.3 1 0
github.com/WillyV3/cp3/peers.go:225.2,227.16 3 1
github.com/WillyV3/cp3/peers.go:227.16,229.3 1 0
github.com/WillyV3/cp3/peers.go:233.2,233.89 1 1
github.com/WillyV3/cp3/peers.go:233.89,235.3 1 0
github.com/WillyV3/cp3/peers.go:236.2,236.12 1 1
github.com/WillyV3/cp3/peers.go:242.93,243.46 1 1
github.com/WillyV3/cp3/peers.go:243.46,245.3 1 1
github.com/WillyV3/cp3/peers.go:248.2,254.16 2 1
github.com/WillyV3/cp3/peers.go:254.16,256.3 1 0
github.com/WillyV3/cp3/peers.go:257.2,257.18 1 1
github.com/WillyV3/cp3/peers.go:267.62,268.15 1 1
github.com/WillyV3/cp3/peers.go:268.15,270.3 1 1
github.com/WillyV3/cp3/peers.go:271.2,271.55 1 1
github.com/WillyV3/cp3/peers.go:271.55,273.3 1 1
github.com/WillyV3/cp3/peers.go:274.2,274.46 1 1
github.com/WillyV3/cp3/peers.go:274.46,276.3 1 0
github.com/WillyV3/cp3/peers.go:277.2,277.78 1 1
github.com/WillyV3/cp3/peers.go:280.65,282.16 2 1
github.com/WillyV3/cp3/peers.go:282.16,284.3 1 0
github.com/WillyV3/cp3/peers.go:285.2,286.16 2 1
github.com/WillyV3/cp3/peers.go:286.16,288.3 1 0
github.com/WillyV3/cp3/peers.go:289.2,289.53 1 1
github.com/WillyV3/cp3/peers.go:289.53,291.3 1 0
github.com/WillyV3/cp3/peers.go:292.2,292.12 1 1
github.com/WillyV3/cp3/peers.go:303.68,305.16 2 1
github.com/WillyV3/cp3/peers.go:305.16,307.3 1 0
github.com/WillyV3/cp3/peers.go:308.2,308.52 1 1
github.com/WillyV3/cp3/peers.go:308.52,310.83 2 1
github.com/WillyV3/cp3/peers.go:310.83,312.4 1 1
github.com/WillyV3/cp3/peers.go:314.2,314.32 1 1
github.com/WillyV3/cp3/peers.go:324.79,326.16 2 1
github.com/WillyV3/cp3/peers.go:326.16,328.3 1 1
github.com/WillyV3/cp3/peers.go:329.2,329.35 1 1
github.com/WillyV3/cp3/peers.go:329.35,331.3 1 0
github.com/WillyV3/cp3/peers.go:332.2,333.43 2 1
github.com/WillyV3/cp3/peers.go:333.43,335.44 2 1
github.com/WillyV3/cp3/peers.go:335.44,337.4 1 1
github.com/WillyV3/cp3/peers.go:337.9,337.43 1 1
github.com/WillyV3/cp3/peers.go:337.43,339.4 1 0
github.com/WillyV3/cp3/peers.go:341.2,342.18 2 1
github.com/WillyV3/cp3/peers.go:342.18,344.3 1 1
github.com/WillyV3/cp3/peers.go:345.2,346.43 2 1
github.com/WillyV3/cp3/peers.go:346.43,348.3 1 0
github.com/WillyV3/cp3/peers.go:349.2,349.15 1 1
github.com/WillyV3/cp3/peers.go:354.79,356.16 2 0
github.com/WillyV3/cp3/peers.go:356.16,358.3 1 0
github.com/WillyV3/cp3/peers.go:359.2,360.16 2 0
github.com/WillyV3/cp3/peers.go:360.16,362.3 1 0
github.com/WillyV3/cp3/peers.go:363.2,364.58 2 0
github.com/WillyV3/cp3/peers.go:364.58,366.3 1 0
github.com/WillyV3/cp3/peers.go:367.2,369.46 3 0
github.com/WillyV3/cp3/peers.go:369.46,371.3 1 0
github.com/WillyV3/cp3/peers.go:372.2,372.66 1 0
github.com/WillyV3/cp3/peers.go:386.78,388.16 2 1
github.com/WillyV3/cp3/peers.go:388.16,390.3 1 0
github.com/WillyV3/cp3/peers.go:391.2,392.16 2 1
github.com/WillyV3/cp3/peers.go:392.16,394.3 1 0
github.com/WillyV3/cp3/peers.go:395.2,396.58 2 1
github.com/WillyV3/cp3/peers.go:396.58,398.3 1 0
github.com/WillyV3/cp3/peers.go:399.2,399.43 1 1
github.com/WillyV3/cp3/peers.go:399.43,401.3 1 1
github.com/WillyV3/cp3/peers.go:402.2,404.16 3 1
github.com/WillyV3/cp3/peers.go:404.16,406.3 1 0
github.com/WillyV3/cp3/peers.go:407.2,407.72 1 1
github.com/WillyV3/cp3/peers.go:407.72,409.3 1 0
github.com/WillyV3/cp3/peers.go:410.2,410.12 1 1
github.com/WillyV3/cp3/peers.go:414.70,416.16 2 1
github.com/WillyV3/cp3/peers.go:416.16,418.3 1 0
github.com/WillyV3/cp3/peers.go:419.2,419.46 1 1
github.com/WillyV3/cp3/peers.go:419.46,421.3 1 0
github.com/WillyV3/cp3/peers.go:422.2,422.112 1 1
github.com/WillyV3/cp3/peers.go:428.61,430.49 2 1
github.com/WillyV3/cp3/peers.go:430.49,432.3 1 0
github.com/WillyV3/cp3/peers.go:433.2,433.16 1 1
github.com/WillyV3/cp3/peers.go:433.16,435.3 1 0
github.com/WillyV3/cp3/peers.go:436.2,437.16 2 1
github.com/WillyV3/cp3/peers.go:437.16,438.47 1 1
github.com/WillyV3/cp3/peers.go:438.47,440.4 1 1
github.com/WillyV3/cp3/peers.go:441.3,441.45 1 0
github.com/WillyV3/cp3/peers.go:443.2,444.25 2 1
github.com/WillyV3/cp3/peers.go:444.25,446.17 2 1
github.com/WillyV3/cp3/peers.go:446.17,447.12 1 0
github.com/WillyV3/cp3/peers.go:449.3,450.59 2 1
github.com/WillyV3/cp3/peers.go:450.59,451.12 1 0
github.com/WillyV3/cp3/peers.go:453.3,453.23 1 1
github.com/WillyV3/cp3/peers.go:455.2,455.17 1 1
github.com/WillyV3/cp3/peers.go:469.75,471.16 2 1
github.com/WillyV3/cp3/peers.go:471.16,473.3 1 0
github.com/WillyV3/cp3/peers.go:474.2,476.34 3 1
github.com/WillyV3/cp3/peers.go:476.34,478.33 2 1
github.com/WillyV3/cp3/peers.go:478.33,481.4 2 0
github.com/WillyV3/cp3/peers.go:482.3,482.24 1 1
github.com/WillyV3/cp3/peers.go:484.2,484.37 1 1
github.com/WillyV3/cp3/peers.go:484.37,486.3 1 0
github.com/WillyV3/cp3/peers.go:487.2,487.17 1 1
github.com/WillyV3/cp3/peers.go:512.49,513.11 1 1
github.com/WillyV3/cp3/peers.go:514.21,515.73 1 0
github.com/WillyV3/cp3/peers.go:516.14,517.94 1 0
github.com/WillyV3/cp3/peers.go:518.10,519.210 1 1
github.com/WillyV3/cp3/peers.go:525.70,527.2 1 1
github.com/WillyV3/cp3/peers.go:539.38,540.14 1 1
github.com/WillyV3/cp3/peers.go:540.14,542.3 1 1
github.com/WillyV3/cp3/peers.go:543.2,543.28 1 1
github.com/WillyV3/cp3/peers.go:543.28,545.3 1 1
github.com/WillyV3/cp3/peers.go:546.2,546.12 1 1
github.com/WillyV3/cp3/peers.go:551.79,552.45 1 1
github.com/WillyV3/cp3/peers.go:552.45,554.3 1 1
github.com/WillyV3/cp3/peers.go:555.2,555.16 1 1
github.com/WillyV3/cp3/peers.go:555.16,557.3 1 1
github.com/WillyV3/cp3/peers.go:558.2,558.15 1 1
github.com/WillyV3/cp3/peers.go:558.15,560.3 1 1
github.com/WillyV3/cp3/peers.go:563.2,564.83 2 1
github.com/WillyV3/cp3/peers.go:564.83,566.3 1 0
github.com/WillyV3/cp3/peers.go:567.2,567.20 1 1
github.com/WillyV3/cp3/peers.go:573.80,575.16 2 1
github.com/WillyV3/cp3/peers.go:575.16,576.52 1 1
github.com/WillyV3/cp3/peers.go:576.52,578.4 1 1
github.com/WillyV3/cp3/peers.go:579.3,579.16 1 0
github.com/WillyV3/cp3/peers.go:581.2,582.16 2 1
github.com/WillyV3/cp3/peers.go:582.16,584.3 1 0
github.com/WillyV3/cp3/peers.go:588.2,588.25 1 1
github.com/WillyV3/cp3/peers.go:588.25,590.3 1 1
github.com/WillyV3/cp3/peers.go:591.2,591.15 1 1
github.com/WillyV3/cp3/peers.go:597.86,602.16 2 1
github.com/WillyV3/cp3/peers.go:602.16,604.3 1 0
github.com/WillyV3/cp3/peers.go:605.2,605.52 1 1
github.com/WillyV3/cp3/peers.go:605.52,607.58 2 1
github.com/WillyV3/cp3/peers.go:607.58,610.4 2 0
github.com/WillyV3/cp3/peers.go:611.3,612.54 2 1
github.com/WillyV3/cp3/peers.go:612.54,615.4 2 0
github.com/WillyV3/cp3/peers.go:616.3,617.12 2 1
github.com/WillyV3/cp3/peers.go:619.2,619.16 1 1
github.com/WillyV3/cp3/peers.go:619.16,621.3 1 0
github.com/WillyV3/cp3/peers.go:622.2,624.12 3 1
github.com/WillyV3/cp3/peers.go:630.85,632.15 2 1
github.com/WillyV3/cp3/peers.go:632.15,634.3 1 1
github.com/WillyV3/cp3/peers.go:635.2,639.16 2 1
github.com/WillyV3/cp3/peers.go:639.16,641.3 1 0
github.com/WillyV3/cp3/peers.go:642.2,642.52 1 1
github.com/WillyV3/cp3/peers.go:642.52,644.58 2 1
github.com/WillyV3/cp3/peers.go:644.58,646.4 1 0
github.com/WillyV3/cp3/peers.go:647.3,647.9 1 1
github.com/WillyV3/cp3/peers.go:649.2,649.16 1 1
github.com/WillyV3/cp3/peers.go:649.16,651.3 1 0
github.com/WillyV3/cp3/peers.go:652.2,654.12 3 1
github.com/WillyV3/cp3/cmd/cp3/color.go:19.21,22.2 2 1
github.com/WillyV3/cp3/cmd/cp3/color.go:24.25,27.2 2 0
github.com/WillyV3/cp3/cmd/cp3/color.go:30.44,31.22 1 1
github.com/WillyV3/cp3/cmd/cp3/color.go:31.22,33.3 1 1
github.com/WillyV3/cp3/cmd/cp3/color.go:34.2,34.26 1 1
github.com/WillyV3/cp3/cmd/cp3/doctor.go:18.31,25.63 6 0
github.com/WillyV3/cp3/cmd/cp3/doctor.go:25.63,27.11 2 0
github.com/WillyV3/cp3/cmd/cp3/doctor.go:27.11,29.4 1 0
github.com/WillyV3/cp3/cmd/cp3/doctor.go:29.9,29.17 1 0
github.com/WillyV3/cp3/cmd/cp3/doctor.go:29.17,32.22 3 0
github.com/WillyV3/cp3/cmd/cp3/doctor.go:32.22,34.5 1 0
github.com/WillyV3/cp3/cmd/cp3/doctor.go:36.3,36.50 1 0
github.com/WillyV3/cp3/cmd/cp3/doctor.go:40.2,42.33 3 0
github.com/WillyV3/cp3/cmd/cp3/doctor.go:42.33,44.3 1 0
github.com/WillyV3/cp3/cmd/cp3/doctor.go:44.8,44.88 1 0
github.com/WillyV3/cp3/cmd/cp3/doctor.go:44.88,46.3 1 0
github.com/WillyV3/cp3/cmd/cp3/doctor.go:47.2,51.16 3 0
github.com/WillyV3/cp3/cmd/cp3/doctor.go:51.16,54.3 1 0
github.com/WillyV3/cp3/cmd/cp3/doctor.go:54.8,57.3 2 0
github.com/WillyV3/cp3/cmd/cp3/doctor.go:60.2,60.14 1 0
github.com/WillyV3/cp3/cmd/cp3/doctor.go:60.14,64.10 4 0
github.com/WillyV3/cp3/cmd/cp3/doctor.go:65.20,66.116 1 0
github.com/WillyV3/cp3/cmd/cp3/doctor.go:67.23,68.84 1 0
github.com/WillyV3/cp3/cmd/cp3/doctor.go:69.11,70.82 1 0
github.com/WillyV3/cp3/cmd/cp3/doctor.go:73.3,73.48 1 0
github.com/WillyV3/cp3/cmd/cp3/doctor.go:73.48,76.25 3 0
github.com/WillyV3/cp3/cmd/cp3/doctor.go:76.25,77.43 1 0
github.com/WillyV3/cp3/cmd/cp3/doctor.go:77.43,79.6 1 0
github.com/WillyV3/cp3/cmd/cp3/doctor.go:81.4,83.8 1 0
github.com/WillyV3/cp3/cmd/cp3/doctor.go:84.9,86.4 1 0
github.com/WillyV3/cp3/cmd/cp3/doctor.go:90.2,91.76 2 0
github.com/WillyV3/cp3/cmd/cp3/doctor.go:91.76,97.37 2 0
github.com/WillyV3/cp3/cmd/cp3/doctor.go:97.37,98.51 1 0
github.com/WillyV3/cp3/cmd/cp3/doctor.go:98.51,99.57 1 0
github.com/WillyV3/cp3/cmd/cp3/doctor.go:99.57,101.6 1 0
github.com/WillyV3/cp3/cmd/cp3/doctor.go:101.11,103.6 1 0
github.com/WillyV3/cp3/cmd/cp3/doctor.go:107.2,117.12 6 0
github.com/WillyV3/cp3/cmd/cp3/doctor.go:117.12,120.3 2 0
github.com/WillyV3/cp3/cmd/cp3/doctor.go:121.2,122.67 1 0
github.com/WillyV3/cp3/cmd/cp3/main.go:27.30,29.16 2 0
github.com/WillyV3/cp3/cmd/cp3/main.go:29.16,32.3 2 0
github.com/WillyV3/cp3/cmd/cp3/main.go:33.2,33.10 1 0
github.com/WillyV3/cp3/cmd/cp3/main.go:38.13,39.22 1 0
github.com/WillyV3/cp3/cmd/cp3/main.go:39.22,42.3 2 0
github.com/WillyV3/cp3/cmd/cp3/main.go:43.2,43.20 1 0
github.com/WillyV3/cp3/cmd/cp3/main.go:44.14,45.23 1 0
github.com/WillyV3/cp3/cmd/cp3/main.go:46.15,47.24 1 0
github.com/WillyV3/cp3/cmd/cp3/main.go:48.15,49.24 1 0
github.com/WillyV3/cp3/cmd/cp3/main.go:50.18,51.27 1 0
github.com/WillyV3/cp3/cmd/cp3/main.go:52.19,53.28 1 0
github.com/WillyV3/cp3/cmd/cp3/main.go:54.15,55.24 1 0
github.com/WillyV3/cp3/cmd/cp3/main.go:56.13,57.22 1 0
github.com/WillyV3/cp3/cmd/cp3/main.go:58.19,59.28 1 0
github.com/WillyV3/cp3/cmd/cp3/main.go:60.20,61.29 1 0
github.com/WillyV3/cp3/cmd/cp3/main.go:62.17,63.30 1 0
github.com/WillyV3/cp3/cmd/cp3/main.go:64.16,65.25 1 0
github.com/WillyV3/cp3/cmd/cp3/main.go:66.16,67.25 1 0
github.com/WillyV3/cp3/cmd/cp3/main.go:68.15,69.24 1 0
github.com/WillyV3/cp3/cmd/cp3/main.go:70.13,71.12 1 0
github.com/WillyV3/cp3/cmd/cp3/main.go:72.18,73.17 1 0
github.com/WillyV3/cp3/cmd/cp3/main.go:74.15,75.14 1 0
github.com/WillyV3/cp3/cmd/cp3/main.go:76.10,78.13 2 0
github.com/WillyV3/cp3/cmd/cp3/main.go:82.14,84.2 1 0
github.com/WillyV3/cp3/cmd/cp3/main.go:88.69,89.9 1 1
github.com/WillyV3/cp3/cmd/cp3/main.go:90.75,91.18 1 1
github.com/WillyV3/cp3/cmd/cp3/main.go:92.22,93.17 1 1
github.com/WillyV3/cp3/cmd/cp3/main.go:94.10,95.16 1 1
github.com/WillyV3/cp3/cmd/cp3/main.go:102.82,104.16 2 0
github.com/WillyV3/cp3/cmd/cp3/main.go:104.16,106.3 1 0
github.com/WillyV3/cp3/cmd/cp3/main.go:107.2,107.39 1 0
github.com/WillyV3/cp3/cmd/cp3/main.go:107.39,110.3 2 0
github.com/WillyV3/cp3/cmd/cp3/main.go:112.2,112.125 1 0
github.com/WillyV3/cp3/cmd/cp3/main.go:112.125,115.3 2 0
github.com/WillyV3/cp3/cmd/cp3/main.go:125.85,126.59 1 1
github.com/WillyV3/cp3/cmd/cp3/main.go:126.59,128.3 1 1
github.com/WillyV3/cp3/cmd/cp3/main.go:129.2,129.28 1 1
github.com/WillyV3/cp3/cmd/cp3/main.go:129.28,131.3 1 1
github.com/WillyV3/cp3/cmd/cp3/main.go:132.2,132.46 1 1
github.com/WillyV3/cp3/cmd/cp3/main.go:135.34,143.16 8 0
github.com/WillyV3/cp3/cmd/cp3/main.go:143.16,146.3 2 0
github.com/WillyV3/cp3/cmd/cp3/main.go:147.2,148.11 2 0
github.com/WillyV3/cp3/cmd/cp3/main.go:148.11,150.27 2 0
github.com/WillyV3/cp3/cmd/cp3/main.go:150.27,151.38 1 0
github.com/WillyV3/cp3/cmd/cp3/main.go:151.38,153.13 2 0
github.com/WillyV3/cp3/cmd/cp3/main.go:155.4,155.71 1 0
github.com/WillyV3/cp3/cmd/cp3/main.go:155.71,157.13 2 0
github.com/WillyV3/cp3/cmd/cp3/main.go:159.4,160.10 2 0
github.com/WillyV3/cp3/cmd/cp3/main.go:162.3,163.9 2 0
github.com/WillyV3/cp3/cmd/cp3/main.go:165.2,168.26 4 0
github.com/WillyV3/cp3/cmd/cp3/main.go:168.26,170.29 2 0
github.com/WillyV3/cp3/cmd/cp3/main.go:170.29,172.4 1 0
github.com/WillyV3/cp3/cmd/cp3/main.go:173.3,174.18 2 0
github.com/WillyV3/cp3/cmd/cp3/main.go:175.17,176.41 1 0
github.com/WillyV3/cp3/cmd/cp3/main.go:177.16,178.39 1 0
github.com/WillyV3/cp3/cmd/cp3/main.go:179.11,180.39 1 0
github.com/WillyV3/cp3/cmd/cp3/main.go:182.3,182.92 1 0
github.com/WillyV3/cp3/cmd/cp3/main.go:184.2,184.11 1 0
github.com/WillyV3/cp3/cmd/cp3/main.go:190.34,196.18 6 0
github.com/WillyV3/cp3/cmd/cp3/main.go:196.18,199.3 2 0
github.com/WillyV3/cp3/cmd/cp3/main.go:200.2,206.59 7 0
github.com/WillyV3/cp3/cmd/cp3/main.go:206.59,208.3 1 0
github.com/WillyV3/cp3/cmd/cp3/main.go:209.2,209.16 1 0
github.com/WillyV3/cp3/cmd/cp3/main.go:209.16,212.3 2 0
github.com/WillyV3/cp3/cmd/cp3/main.go:215.29,222.17 7 0
github.com/WillyV3/cp3/cmd/cp3/main.go:222.17,224.3 1 0
github.com/WillyV3/cp3/cmd/cp3/main.go:225.2,225.47 1 0
github.com/WillyV3/cp3/cmd/cp3/main.go:225.47,228.3 2 0
github.com/WillyV3/cp3/cmd/cp3/main.go:229.2,232.37 4 0
github.com/WillyV3/cp3/cmd/cp3/main.go:232.37,235.3 2 0
github.com/WillyV3/cp3/cmd/cp3/main.go:236.2,237.16 2 0
github.com/WillyV3/cp3/cmd/cp3/main.go:237.16,240.3 2 0
github.com/WillyV3/cp3/cmd/cp3/main.go:241.2,242.29 2 0
github.com/WillyV3/cp3/cmd/cp3/main.go:242.29,244.3 1 0
github.com/WillyV3/cp3/cmd/cp3/main.go:254.30,256.14 2 0
github.com/WillyV3/cp3/cmd/cp3/main.go:256.14,257.15 1 0
github.com/WillyV3/cp3/cmd/cp3/main.go:257.15,258.9 1 0
github.com/WillyV3/cp3/cmd/cp3/main.go:260.3,260.49 1 0
github.com/WillyV3/cp3/cmd/cp3/main.go:260.49,262.4 1 0
github.com/WillyV3/cp3/cmd/cp3/main.go:263.3,263.22 1 0
github.com/WillyV3/cp3/cmd/cp3/main.go:265.2,267.13 3 0
github.com/WillyV3/cp3/cmd/cp3/main.go:271.28,273.16 2 0
github.com/WillyV3/cp3/cmd/cp3/main.go:273.16,275.3 1 0
github.com/WillyV3/cp3/cmd/cp3/main.go:276.2,277.16 2 0
github.com/WillyV3/cp3/cmd/cp3/main.go:277.16,279.3 1 0
github.com/WillyV3/cp3/cmd/cp3/main.go:280.2,280.10 1 0
github.com/WillyV3/cp3/cmd/cp3/main.go:289.88,292.6 3 1
github.com/WillyV3/cp3/cmd/cp3/main.go:292.6,294.17 2 1
github.com/WillyV3/cp3/cmd/cp3/main.go:294.17,295.27 1 1
github.com/WillyV3/cp3/cmd/cp3/main.go:295.27,296.25 1 1
github.com/WillyV3/cp3/cmd/cp3/main.go:296.25,298.6 1 1
github.com/WillyV3/cp3/cmd/cp3/main.go:301.3,301.10 1 1
github.com/WillyV3/cp3/cmd/cp3/main.go:302.21,303.84 1 1
github.com/WillyV3/cp3/cmd/cp3/main.go:304.45,304.45 0 1
github.com/WillyV3/cp3/cmd/cp3/main.go:309.30,316.17 7 0
github.com/WillyV3/cp3/cmd/cp3/main.go:316.17,318.17 2 0
github.com/WillyV3/cp3/cmd/cp3/main.go:318.17,321.4 2 0
github.com/WillyV3/cp3/cmd/cp3/main.go:322.3,323.9 2 0
github.com/WillyV3/cp3/cmd/cp3/main.go:325.2,326.16 2 0
github.com/WillyV3/cp3/cmd/cp3/main.go:326.16,329.3 2 0
github.com/WillyV3/cp3/cmd/cp3/main.go:330.2,332.25 3 0
github.com/WillyV3/cp3/cmd/cp3/main.go:332.25,334.3 1 0
github.com/WillyV3/cp3/cmd/cp3/main.go:335.2,335.11 1 0
github.com/WillyV3/cp3/cmd/cp3/main.go:338.30,347.37 9 0
github.com/WillyV3/cp3/cmd/cp3/main.go:347.37,350.3 2 0
github.com/WillyV3/cp3/cmd/cp3/main.go:351.2,351.15 1 0
github.com/WillyV3/cp3/cmd/cp3/main.go:351.15,357.44 4 0
github.com/WillyV3/cp3/cmd/cp3/main.go:357.44,360.4 2 0
github.com/WillyV3/cp3/cmd/cp3/main.go:361.3,362.13 2 0
github.com/WillyV3/cp3/cmd/cp3/main.go:362.13,365.8 3 0
github.com/WillyV3/cp3/cmd/cp3/main.go:365.8,366.12 1 0
github.com/WillyV3/cp3/cmd/cp3/main.go:367.23,368.12 1 0
github.com/WillyV3/cp3/cmd/cp3/main.go:369.17,370.44 1 0
github.com/WillyV3/cp3/cmd/cp3/main.go:375.2,375.57 1 0
github.com/WillyV3/cp3/cmd/cp3/main.go:375.57,377.3 1 0
github.com/WillyV3/cp3/cmd/cp3/main.go:378.2,378.16 1 0
github.com/WillyV3/cp3/cmd/cp3/main.go:378.16,381.3 2 0
github.com/WillyV3/cp3/cmd/cp3/main.go:384.33,391.18 7 0
github.com/WillyV3/cp3/cmd/cp3/main.go:391.18,394.3 2 0
github.com/WillyV3/cp3/cmd/cp3/main.go:395.2,399.37 5 0
github.com/WillyV3/cp3/cmd/cp3/main.go:399.37,402.3 2 0
github.com/WillyV3/cp3/cmd/cp3/main.go:403.2,404.43 2 0
github.com/WillyV3/cp3/cmd/cp3/main.go:404.43,407.3 2 0
github.com/WillyV3/cp3/cmd/cp3/main.go:408.2,411.6 4 0
github.com/WillyV3/cp3/cmd/cp3/main.go:411.6,412.10 1 0
github.com/WillyV3/cp3/cmd/cp3/main.go:413.21,416.10 3 0
github.com/WillyV3/cp3/cmd/cp3/main.go:417.19,418.45 1 0
github.com/WillyV3/cp3/cmd/cp3/prompt.go:35.31,39.2 3 0
github.com/WillyV3/cp3/cmd/cp3/prompt.go:44.60,47.41 3 1
github.com/WillyV3/cp3/cmd/cp3/prompt.go:47.41,49.3 1 0
github.com/WillyV3/cp3/cmd/cp3/prompt.go:50.2,51.54 2 1
github.com/WillyV3/cp3/cmd/cp3/prompt.go:51.54,53.12 2 1
github.com/WillyV3/cp3/cmd/cp3/prompt.go:53.12,55.4 1 0
github.com/WillyV3/cp3/cmd/cp3/prompt.go:56.3,57.19 2 1
github.com/WillyV3/cp3/cmd/cp3/prompt.go:57.19,59.4 1 1
github.com/WillyV3/cp3/cmd/cp3/prompt.go:60.3,60.58 1 0
github.com/WillyV3/cp3/cmd/cp3/prompt.go:62.2,63.49 2 1
github.com/WillyV3/cp3/cmd/cp3/prompt.go:63.49,65.3 1 1
github.com/WillyV3/cp3/cmd/cp3/prompt.go:66.2,66.61 1 1
github.com/WillyV3/cp3/cmd/cp3/serve.go:20.30,28.16 7 0
github.com/WillyV3/cp3/cmd/cp3/serve.go:28.16,31.3 2 0
github.com/WillyV3/cp3/cmd/cp3/serve.go:32.2,32.53 1 0
github.com/WillyV3/cp3/cmd/cp3/serve.go:32.53,35.3 2 0
github.com/WillyV3/cp3/cmd/cp3/serve.go:37.2,44.16 2 0
github.com/WillyV3/cp3/cmd/cp3/serve.go:44.16,47.3 2 0
github.com/WillyV3/cp3/cmd/cp3/serve.go:48.2,49.46 2 0
github.com/WillyV3/cp3/cmd/cp3/serve.go:49.46,52.3 2 0
github.com/WillyV3/cp3/cmd/cp3/serve.go:54.2,55.50 2 0
github.com/WillyV3/cp3/cmd/cp3/serve.go:55.50,58.3 2 0
github.com/WillyV3/cp3/cmd/cp3/serve.go:60.2,63.14 4 0
github.com/WillyV3/cp3/cmd/cp3/setup.go:21.90,24.41 3 1
github.com/WillyV3/cp3/cmd/cp3/setup.go:24.41,26.3 1 0
github.com/WillyV3/cp3/cmd/cp3/setup.go:28.2,29.29 2 1
github.com/WillyV3/cp3/cmd/cp3/setup.go:29.29,30.52 1 1
github.com/WillyV3/cp3/cmd/cp3/setup.go:30.52,32.4 1 1
github.com/WillyV3/cp3/cmd/cp3/setup.go:35.2,36.20 2 1
github.com/WillyV3/cp3/cmd/cp3/setup.go:36.20,38.3 1 1
github.com/WillyV3/cp3/cmd/cp3/setup.go:39.2,39.36 1 1
github.com/WillyV3/cp3/cmd/cp3/setup.go:39.36,40.45 1 1
github.com/WillyV3/cp3/cmd/cp3/setup.go:40.45,41.71 1 1
github.com/WillyV3/cp3/cmd/cp3/setup.go:41.71,43.5 1 1
github.com/WillyV3/cp3/cmd/cp3/setup.go:47.2,50.16 4 1
github.com/WillyV3/cp3/cmd/cp3/setup.go:50.16,52.3 1 0
github.com/WillyV3/cp3/cmd/cp3/setup.go:53.2,55.12 2 1
github.com/WillyV3/cp3/cmd/cp3/setup.go:55.12,56.64 1 1
github.com/WillyV3/cp3/cmd/cp3/setup.go:56.64,58.4 1 0
github.com/WillyV3/cp3/cmd/cp3/setup.go:59.8,59.70 1 1
github.com/WillyV3/cp3/cmd/cp3/setup.go:59.70,61.3 1 0
github.com/WillyV3/cp3/cmd/cp3/setup.go:62.2,62.55 1 1
github.com/WillyV3/cp3/cmd/cp3/setup.go:62.55,64.3 1 0
github.com/WillyV3/cp3/cmd/cp3/setup.go:65.2,65.18 1 1
github.com/WillyV3/cp3/cmd/cp3/setup.go:68.30,71.2 2 0
github.com/WillyV3/cp3/cmd/cp3/setup.go:78.76,81.41 3 1
github.com/WillyV3/cp3/cmd/cp3/setup.go:81.41,83.3 1 0
github.com/WillyV3/cp3/cmd/cp3/setup.go:84.2,85.29 2 1
github.com/WillyV3/cp3/cmd/cp3/setup.go:85.29,86.52 1 1
github.com/WillyV3/cp3/cmd/cp3/setup.go:86.52,88.4 1 0
github.com/WillyV3/cp3/cmd/cp3/setup.go:90.2,90.36 1 1
github.com/WillyV3/cp3/cmd/cp3/setup.go:90.36,92.3 1 1
github.com/WillyV3/cp3/cmd/cp3/setup.go:93.2,99.16 3 1
github.com/WillyV3/cp3/cmd/cp3/setup.go:99.16,101.3 1 0
github.com/WillyV3/cp3/cmd/cp3/setup.go:102.2,103.12 2 1
github.com/WillyV3/cp3/cmd/cp3/setup.go:103.12,104.64 1 0
github.com/WillyV3/cp3/cmd/cp3/setup.go:104.64,106.4 1 0
github.com/WillyV3/cp3/cmd/cp3/setup.go:107.8,107.70 1 1
github.com/WillyV3/cp3/cmd/cp3/setup.go:107.70,109.3 1 0
github.com/WillyV3/cp3/cmd/cp3/setup.go:110.2,110.52 1 1
github.com/WillyV3/cp3/cmd/cp3/setup.go:113.35,116.2 2 0
github.com/WillyV3/cp3/cmd/cp3/setup.go:118.30,130.16 9 0
github.com/WillyV3/cp3/cmd/cp3/setup.go:130.16,132.3 1 0
github.com/WillyV3/cp3/cmd/cp3/setup.go:137.2,138.18 2 0
github.com/WillyV3/cp3/cmd/cp3/setup.go:138.18,140.3 1 0
github.com/WillyV3/cp3/cmd/cp3/setup.go:141.2,148.16 3 0
github.com/WillyV3/cp3/cmd/cp3/setup.go:148.16,151.3 2 0
github.com/WillyV3/cp3/cmd/cp3/setup.go:152.2,152.13 1 0
github.com/WillyV3/cp3/cmd/cp3/setup.go:152.13,154.3 1 0
github.com/WillyV3/cp3/cmd/cp3/setup.go:154.8,156.3 1 0
github.com/WillyV3/cp3/cmd/cp3/setup.go:157.2,158.9 2 0
github.com/WillyV3/cp3/cmd/cp3/setup.go:159.18,160.53 1 0
github.com/WillyV3/cp3/cmd/cp3/setup.go:161.17,162.70 1 0
github.com/WillyV3/cp3/cmd/cp3/setup.go:163.18,164.131 1 0
github.com/WillyV3/cp3/cmd/cp3/setup.go:166.2,166.21 1 0
github.com/WillyV3/cp3/cmd/cp3/setup.go:166.21,168.17 2 0
github.com/WillyV3/cp3/cmd/cp3/setup.go:168.17,171.4 2 0
github.com/WillyV3/cp3/cmd/cp3/setup.go:172.3,172.12 1 0
github.com/WillyV3/cp3/cmd/cp3/setup.go:172.12,174.4 1 0
github.com/WillyV3/cp3/cmd/cp3/setup.go:174.9,176.4 1 0
github.com/WillyV3/cp3/cmd/cp3/setup.go:178.2,181.82 4 0
github.com/WillyV3/cp3/cmd/cp3/setup.go:186.28,188.16 2 0
github.com/WillyV3/cp3/cmd/cp3/setup.go:188.16,191.3 2 0
github.com/WillyV3/cp3/cmd/cp3/setup.go:192.2,193.33 2 0
github.com/WillyV3/cp3/cmd/cp3/setup.go:193.33,195.10 2 0
github.com/WillyV3/cp3/cmd/cp3/setup.go:196.37,197.23 1 0
github.com/WillyV3/cp3/cmd/cp3/setup.go:197.23,200.5 2 0
github.com/WillyV3/cp3/cmd/cp3/setup.go:201.38,202.67 1 0
github.com/WillyV3/cp3/cmd/cp3/setup.go:203.11,204.26 1 0
github.com/WillyV3/cp3/cmd/cp3/setup.go:207.2,208.69 2 0
github.com/WillyV3/cp3/cmd/cp3/setup.go:208.69,211.3 2 0
github.com/WillyV3/cp3/cmd/cp3/statusline.go:35.128,37.16 2 1
github.com/WillyV3/cp3/cmd/cp3/statusline.go:37.16,39.3 1 1
github.com/WillyV3/cp3/cmd/cp3/statusline.go:40.2,41.22 2 1
github.com/WillyV3/cp3/cmd/cp3/statusline.go:41.22,44.48 1 1
github.com/WillyV3/cp3/cmd/cp3/statusline.go:44.48,46.9 2 1
github.com/WillyV3/cp3/cmd/cp3/statusline.go:48.3,48.50 1 1
github.com/WillyV3/cp3/cmd/cp3/statusline.go:48.50,50.9 2 1
github.com/WillyV3/cp3/cmd/cp3/statusline.go:53.2,53.54 1 1
github.com/WillyV3/cp3/cmd/cp3/statusline.go:53.54,54.23 1 1
github.com/WillyV3/cp3/cmd/cp3/statusline.go:54.23,55.35 1 1
github.com/WillyV3/cp3/cmd/cp3/statusline.go:55.35,57.10 2 0
github.com/WillyV3/cp3/cmd/cp3/statusline.go:61.2,62.19 2 1
github.com/WillyV3/cp3/cmd/cp3/statusline.go:62.19,64.3 1 1
github.com/WillyV3/cp3/cmd/cp3/statusline.go:65.2,65.17 1 1
github.com/WillyV3/cp3/cmd/cp3/statusline.go:65.17,67.3 1 1
github.com/WillyV3/cp3/cmd/cp3/statusline.go:68.2,68.17 1 1
github.com/WillyV3/cp3/cmd/cp3/statusline.go:68.17,70.3 1 1
github.com/WillyV3/cp3/cmd/cp3/statusline.go:72.2,73.22 2 1
github.com/WillyV3/cp3/cmd/cp3/statusline.go:73.22,75.43 2 1
github.com/WillyV3/cp3/cmd/cp3/statusline.go:75.43,76.12 1 1
github.com/WillyV3/cp3/cmd/cp3/statusline.go:78.3,78.32 1 1
github.com/WillyV3/cp3/cmd/cp3/statusline.go:78.32,80.23 2 1
github.com/WillyV3/cp3/cmd/cp3/statusline.go:80.23,82.5 1 1
github.com/WillyV3/cp3/cmd/cp3/statusline.go:83.4,83.30 1 1
github.com/WillyV3/cp3/cmd/cp3/statusline.go:87.2,88.17 2 1
github.com/WillyV3/cp3/cmd/cp3/statusline.go:88.17,90.3 1 1
github.com/WillyV3/cp3/cmd/cp3/statusline.go:90.8,93.46 2 1
github.com/WillyV3/cp3/cmd/cp3/statusline.go:93.46,95.4 1 1
github.com/WillyV3/cp3/cmd/cp3/statusline.go:97.2,97.15 1 1
github.com/WillyV3/cp3/cmd/cp3/statusline.go:97.15,101.3 1 1
github.com/WillyV3/cp3/cmd/cp3/statusline.go:102.2,102.17 1 1
github.com/WillyV3/cp3/cmd/cp3/statusline.go:102.17,104.3 1 1
github.com/WillyV3/cp3/cmd/cp3/statusline.go:105.2,105.19 1 1
github.com/WillyV3/cp3/cmd/cp3/statusline.go:105.19,108.3 1 1
github.com/WillyV3/cp3/cmd/cp3/statusline.go:109.2,109.13 1 1
github.com/WillyV3/cp3/cmd/cp3/statusline.go:115.25,116.82 1 0
github.com/WillyV3/cp3/cmd/cp3/statusline.go:116.82,119.3 2 0
github.com/WillyV3/cp3/cmd/cp3/statusline.go:120.2,120.12 1 0
github.com/WillyV3/cp3/cmd/cp3/statusline.go:127.35,136.33 9 0
github.com/WillyV3/cp3/cmd/cp3/statusline.go:136.33,140.40 2 0
github.com/WillyV3/cp3/cmd/cp3/statusline.go:140.40,142.4 1 0
github.com/WillyV3/cp3/cmd/cp3/statusline.go:144.2,150.15 3 0
github.com/WillyV3/cp3/cmd/cp3/statusline.go:150.15,152.3 1 0
github.com/WillyV3/cp3/cmd/cp3/statusline.go:153.2,156.39 4 0
github.com/WillyV3/cp3/cmd/cp3/statusline.go:156.39,158.3 1 0
github.com/WillyV3/cp3/cmd/cp3/statusline.go:160.2,161.12 2 0
github.com/WillyV3/cp3/cmd/cp3/statusline.go:161.12,163.17 2 0
github.com/WillyV3/cp3/cmd/cp3/statusline.go:163.17,166.4 2 0
github.com/WillyV3/cp3/cmd/cp3/statusline.go:167.3,174.20 6 0
github.com/WillyV3/cp3/cmd/cp3/statusline.go:174.20,176.4 1 0
github.com/WillyV3/cp3/cmd/cp3/statusline.go:176.9,176.23 1 0
github.com/WillyV3/cp3/cmd/cp3/statusline.go:176.23,177.27 1 0
github.com/WillyV3/cp3/cmd/cp3/statusline.go:177.27,178.25 1 0
github.com/WillyV3/cp3/cmd/cp3/statusline.go:178.25,180.11 2 0
github.com/WillyV3/cp3/cmd/cp3/statusline.go:184.3,185.32 2 0
github.com/WillyV3/cp3/cmd/cp3/statusline.go:185.32,186.49 1 0
github.com/WillyV3/cp3/cmd/cp3/statusline.go:186.49,187.26 1 0
github.com/WillyV3/cp3/cmd/cp3/statusline.go:187.26,188.34 1 0
github.com/WillyV3/cp3/cmd/cp3/statusline.go:188.34,190.7 1 0
github.com/WillyV3/cp3/cmd/cp3/statusline.go:194.3,194.86 1 0
github.com/WillyV3/cp3/cmd/cp3/statusline.go:196.2,196.9 1 0
github.com/WillyV3/cp3/cmd/cp3/statusline.go:197.22,198.20 1 0
github.com/WillyV3/cp3/cmd/cp3/statusline.go:199.44,200.105 1 0
github.com/WillyV3/cp3/internal/codex/codex.go:38.12,40.16 2 0
github.com/WillyV3/cp3/internal/codex/codex.go:40.16,43.3 2 0
github.com/WillyV3/cp3/internal/codex/codex.go:44.2,47.37 4 0
github.com/WillyV3/cp3/internal/codex/codex.go:47.37,50.3 2 0
github.com/WillyV3/cp3/internal/codex/codex.go:52.2,54.16 3 0
github.com/WillyV3/cp3/internal/codex/codex.go:54.16,57.3 2 0
github.com/WillyV3/cp3/internal/codex/codex.go:58.2,59.16 2 0
github.com/WillyV3/cp3/internal/codex/codex.go:59.16,62.3 2 0
github.com/WillyV3/cp3/internal/codex/codex.go:63.2,64.36 2 0
github.com/WillyV3/cp3/internal/codex/codex.go:64.36,67.3 2 0
github.com/WillyV3/cp3/internal/codex/codex.go:69.2,74.17 3 0
github.com/WillyV3/cp3/internal/codex/codex.go:74.17,77.3 2 0
github.com/WillyV3/cp3/internal/codex/codex.go:78.2,79.16 2 0
github.com/WillyV3/cp3/internal/codex/codex.go:79.16,82.3 2 0
github.com/WillyV3/cp3/internal/codex/codex.go:83.2,88.81 2 0
github.com/WillyV3/cp3/internal/codex/codex.go:88.81,91.3 2 0
github.com/WillyV3/cp3/internal/codex/codex.go:92.2,99.16 7 0
github.com/WillyV3/cp3/internal/codex/codex.go:99.16,101.3 1 0
github.com/WillyV3/cp3/internal/codex/codex.go:102.2,108.36 6 0
github.com/WillyV3/cp3/internal/codex/codex.go:108.36,111.3 2 0
github.com/WillyV3/cp3/internal/codex/codex.go:116.43,119.16 3 0
github.com/WillyV3/cp3/internal/codex/codex.go:119.16,133.46 2 0
github.com/WillyV3/cp3/internal/codex/codex.go:133.46,134.12 1 0
github.com/WillyV3/cp3/internal/codex/codex.go:136.3,137.21 2 0
github.com/WillyV3/cp3/internal/codex/codex.go:138.23,139.31 1 0
github.com/WillyV3/cp3/internal/codex/codex.go:140.56,141.15 1 0
github.com/WillyV3/cp3/internal/codex/codex.go:143.3,143.20 1 0
github.com/WillyV3/cp3/internal/codex/codex.go:143.20,144.40 1 0
github.com/WillyV3/cp3/internal/codex/codex.go:144.40,146.25 2 0
github.com/WillyV3/cp3/internal/codex/codex.go:146.25,150.6 2 0
github.com/WillyV3/cp3/internal/codex/codex.go:150.11,152.6 1 0
github.com/WillyV3/cp3/internal/codex/codex.go:155.3,155.16 1 0
github.com/WillyV3/cp3/internal/codex/codex.go:160.92,168.58 8 0
github.com/WillyV3/cp3/internal/codex/codex.go:168.58,170.3 1 0
github.com/WillyV3/cp3/internal/codex/codex.go:171.2,175.51 3 0
github.com/WillyV3/cp3/internal/codex/codex.go:175.51,177.3 1 0
github.com/WillyV3/cp3/internal/codex/codex.go:178.2,178.17 1 0
github.com/WillyV3/cp3/internal/codex/codex.go:182.52,188.16 6 0
github.com/WillyV3/cp3/internal/codex/codex.go:188.16,191.3 2 0
github.com/WillyV3/cp3/internal/codex/codex.go:192.2,193.12 2 0
github.com/WillyV3/cp3/internal/boot/boot.go:24.39,26.16 2 0
github.com/WillyV3/cp3/internal/boot/boot.go:26.16,28.3 1 0
github.com/WillyV3/cp3/internal/boot/boot.go:29.2,30.80 2 0
github.com/WillyV3/cp3/internal/boot/boot.go:30.80,32.3 1 0
github.com/WillyV3/cp3/internal/boot/boot.go:33.2,33.19 1 0
github.com/WillyV3/cp3/internal/boot/boot.go:33.19,35.3 1 0
github.com/WillyV3/cp3/internal/boot/boot.go:36.2,36.15 1 0
github.com/WillyV3/cp3/internal/boot/boot.go:36.15,38.47 2 0
github.com/WillyV3/cp3/internal/boot/boot.go:38.47,40.4 1 0
github.com/WillyV3/cp3/internal/boot/boot.go:42.2,42.17 1 0
github.com/WillyV3/cp3/internal/boot/boot.go:46.23,48.16 2 0
github.com/WillyV3/cp3/internal/boot/boot.go:48.16,50.3 1 0
github.com/WillyV3/cp3/internal/boot/boot.go:51.2,51.54 1 0
github.com/WillyV3/cp3/internal/boot/boot.go:56.36,58.16 2 0
github.com/WillyV3/cp3/internal/boot/boot.go:58.16,60.3 1 0
github.com/WillyV3/cp3/internal/boot/boot.go:61.2,62.86 2 0
github.com/WillyV3/cp3/internal/boot/boot.go:62.86,64.3 1 0
github.com/WillyV3/cp3/internal/boot/boot.go:65.2,66.42 2 0
github.com/WillyV3/cp3/internal/boot/boot.go:66.42,68.3 1 0
github.com/WillyV3/cp3/internal/boot/boot.go:69.2,70.63 2 0
github.com/WillyV3/cp3/internal/boot/boot.go:70.63,72.3 1 0
github.com/WillyV3/cp3/internal/boot/boot.go:73.2,73.70 1 0
github.com/WillyV3/cp3/internal/boot/boot.go:73.70,75.3 1 0
github.com/WillyV3/cp3/internal/boot/boot.go:76.2,76.19 1 0
github.com/WillyV3/cp3/internal/boot/boot.go:79.24,81.16 2 0
github.com/WillyV3/cp3/internal/boot/boot.go:81.16,83.3 1 0
github.com/WillyV3/cp3/internal/boot/boot.go:84.2,84.54 1 0
github.com/WillyV3/cp3/internal/boot/boot.go:84.54,86.3 1 0
github.com/WillyV3/cp3/internal/boot/boot.go:87.2,88.16 2 0
github.com/WillyV3/cp3/internal/boot/boot.go:88.16,90.3 1 0
github.com/WillyV3/cp3/internal/boot/boot.go:91.2,96.36 6 0
github.com/WillyV3/cp3/internal/boot/boot.go:96.36,98.3 1 0
github.com/WillyV3/cp3/internal/boot/boot.go:99.2,100.13 2 0
github.com/WillyV3/cp3/internal/mcp/mcp.go:53.32,57.2 3 0
github.com/WillyV3/cp3/internal/mcp/mcp.go:59.44,60.23 1 0
github.com/WillyV3/cp3/internal/mcp/mcp.go:60.23,61.41 1 0
github.com/WillyV3/cp3/internal/mcp/mcp.go:61.41,63.4 1 0
github.com/WillyV3/cp3/internal/mcp/mcp.go:64.3,64.26 1 0
github.com/WillyV3/cp3/internal/mcp/mcp.go:66.2,67.49 2 0
github.com/WillyV3/cp3/internal/mcp/mcp.go:70.34,75.14 5 1
github.com/WillyV3/cp3/internal/mcp/mcp.go:75.14,77.3 1 0
github.com/WillyV3/cp3/internal/mcp/mcp.go:78.2,78.30 1 1
github.com/WillyV3/cp3/internal/mcp/mcp.go:81.45,83.2 1 1
github.com/WillyV3/cp3/internal/mcp/mcp.go:85.62,87.2 1 1
github.com/WillyV3/cp3/internal/mcp/mcp.go:89.55,91.2 1 0
github.com/WillyV3/cp3/internal/mcp/mcp.go:95.22,96.32 1 0
github.com/WillyV3/cp3/internal/mcp/mcp.go:96.32,97.36 1 0
github.com/WillyV3/cp3/internal/mcp/mcp.go:97.36,99.4 1 0
github.com/WillyV3/cp3/internal/mcp/mcp.go:101.2,101.11 1 0
github.com/WillyV3/cp3/internal/mcp/mcp.go:109.94,110.19 1 1
github.com/WillyV3/cp3/internal/mcp/mcp.go:110.19,112.3 1 0
github.com/WillyV3/cp3/internal/mcp/mcp.go:116.2,116.41 1 1
github.com/WillyV3/cp3/internal/mcp/mcp.go:116.41,118.17 2 0
github.com/WillyV3/cp3/internal/mcp/mcp.go:118.17,120.4 1 0
github.com/WillyV3/cp3/internal/mcp/mcp.go:121.3,121.41 1 0
github.com/WillyV3/cp3/internal/mcp/mcp.go:121.41,124.4 1 0
github.com/WillyV3/cp3/internal/mcp/mcp.go:124.9,126.4 1 0
github.com/WillyV3/cp3/internal/mcp/mcp.go:127.3,127.12 1 0
github.com/WillyV3/cp3/internal/mcp/mcp.go:133.2,133.14 1 1
github.com/WillyV3/cp3/internal/mcp/mcp.go:133.14,134.44 1 1
github.com/WillyV3/cp3/internal/mcp/mcp.go:134.44,136.4 1 1
github.com/WillyV3/cp3/internal/mcp/mcp.go:136.9,136.49 1 1
github.com/WillyV3/cp3/internal/mcp/mcp.go:136.49,137.9 1 0
github.com/WillyV3/cp3/internal/mcp/mcp.go:139.3,139.26 1 1
github.com/WillyV3/cp3/internal/mcp/mcp.go:143.2,144.16 2 1
github.com/WillyV3/cp3/internal/mcp/mcp.go:144.16,147.3 2 0
github.com/WillyV3/cp3/internal/mcp/mcp.go:148.2,148.29 1 1
github.com/WillyV3/cp3/internal/mcp/mcp.go:148.29,150.3 1 1
github.com/WillyV3/cp3/internal/mcp/mcp.go:151.2,151.21 1 1
github.com/WillyV3/cp3/internal/mcp/mcp.go:156.41,158.16 2 0
github.com/WillyV3/cp3/internal/mcp/mcp.go:158.16,160.3 1 0
github.com/WillyV3/cp3/internal/mcp/mcp.go:161.2,161.81 1 0
github.com/WillyV3/cp3/internal/mcp/mcp.go:164.32,165.32 1 0
github.com/WillyV3/cp3/internal/mcp/mcp.go:165.32,167.3 1 0
github.com/WillyV3/cp3/internal/mcp/mcp.go:168.2,168.12 1 0
github.com/WillyV3/cp3/internal/mcp/mcp.go:208.109,221.18 2 1
github.com/WillyV3/cp3/internal/mcp/mcp.go:221.18,228.72 1 1
github.com/WillyV3/cp3/internal/mcp/mcp.go:228.72,231.18 3 1
github.com/WillyV3/cp3/internal/mcp/mcp.go:231.18,233.5 1 1
github.com/WillyV3/cp3/internal/mcp/mcp.go:234.4,236.45 3 1
github.com/WillyV3/cp3/internal/mcp/mcp.go:236.45,239.5 2 1
github.com/WillyV3/cp3/internal/mcp/mcp.go:239.10,241.5 1 0
github.com/WillyV3/cp3/internal/mcp/mcp.go:242.9,247.4 4 1
github.com/WillyV3/cp3/internal/mcp/mcp.go:248.8,250.3 1 1
github.com/WillyV3/cp3/internal/mcp/mcp.go:251.2,260.24 3 1
github.com/WillyV3/cp3/internal/mcp/mcp.go:260.24,262.46 2 1
github.com/WillyV3/cp3/internal/mcp/mcp.go:262.46,264.4 1 1
github.com/WillyV3/cp3/internal/mcp/mcp.go:266.2,266.18 1 1
github.com/WillyV3/cp3/internal/mcp/mcp.go:274.12,276.16 2 0
github.com/WillyV3/cp3/internal/mcp/mcp.go:276.16,279.3 2 0
github.com/WillyV3/cp3/internal/mcp/mcp.go:280.2,283.37 4 0
github.com/WillyV3/cp3/internal/mcp/mcp.go:283.37,286.3 2 0
github.com/WillyV3/cp3/internal/mcp/mcp.go:288.2,294.15 4 0
github.com/WillyV3/cp3/internal/mcp/mcp.go:294.15,297.3 2 0
github.com/WillyV3/cp3/internal/mcp/mcp.go:298.2,308.21 2 0
github.com/WillyV3/cp3/internal/mcp/mcp.go:308.21,309.31 1 0
github.com/WillyV3/cp3/internal/mcp/mcp.go:309.31,311.25 2 0
github.com/WillyV3/cp3/internal/mcp/mcp.go:311.25,313.5 1 0
github.com/WillyV3/cp3/internal/mcp/mcp.go:317.2,317.16 1 0
github.com/WillyV3/cp3/internal/mcp/mcp.go:317.16,321.3 3 0
github.com/WillyV3/cp3/internal/mcp/mcp.go:322.2,322.38 1 0
github.com/WillyV3/cp3/internal/mcp/mcp.go:322.38,326.3 1 0
github.com/WillyV3/cp3/internal/mcp/mcp.go:330.2,330.23 1 0
github.com/WillyV3/cp3/internal/mcp/mcp.go:330.23,331.29 1 0
github.com/WillyV3/cp3/internal/mcp/mcp.go:331.29,334.55 3 0
github.com/WillyV3/cp3/internal/mcp/mcp.go:334.55,337.5 2 0
github.com/WillyV3/cp3/internal/mcp/mcp.go:344.2,346.12 3 0
github.com/WillyV3/cp3/internal/mcp/mcp.go:346.12,350.3 3 0
github.com/WillyV3/cp3/internal/mcp/mcp.go:351.2,352.13 2 0
github.com/WillyV3/cp3/internal/mcp/mcp.go:358.28,359.20 1 0
github.com/WillyV3/cp3/internal/mcp/mcp.go:359.20,361.3 1 0
github.com/WillyV3/cp3/internal/mcp/mcp.go:362.2,364.54 3 0
github.com/WillyV3/cp3/internal/mcp/mcp.go:364.54,366.3 1 0
github.com/WillyV3/cp3/internal/mcp/mcp.go:369.32,373.2 3 1
github.com/WillyV3/cp3/internal/mcp/mcp.go:375.36,379.2 3 1
github.com/WillyV3/cp3/internal/mcp/mcp.go:386.50,389.31 3 0
github.com/WillyV3/cp3/internal/mcp/mcp.go:389.31,391.3 1 0
github.com/WillyV3/cp3/internal/mcp/mcp.go:392.2,393.45 2 0
github.com/WillyV3/cp3/internal/mcp/mcp.go:393.45,395.3 1 0
github.com/WillyV3/cp3/internal/mcp/mcp.go:396.2,398.25 3 0
github.com/WillyV3/cp3/internal/mcp/mcp.go:398.25,400.3 1 0
github.com/WillyV3/cp3/internal/mcp/mcp.go:401.2,405.15 5 0
github.com/WillyV3/cp3/internal/mcp/mcp.go:405.15,407.3 1 0
github.com/WillyV3/cp3/internal/mcp/mcp.go:407.8,411.3 3 0
github.com/WillyV3/cp3/internal/mcp/mcp.go:412.2,413.49 2 0
github.com/WillyV3/cp3/internal/mcp/mcp.go:413.49,414.31 1 0
github.com/WillyV3/cp3/internal/mcp/mcp.go:414.31,415.25 1 0
github.com/WillyV3/cp3/internal/mcp/mcp.go:415.25,417.5 1 0
github.com/WillyV3/cp3/internal/mcp/mcp.go:420.2,424.4 2 0
github.com/WillyV3/cp3/internal/mcp/mcp.go:427.36,429.2 1 1
github.com/WillyV3/cp3/internal/mcp/mcp.go:431.49,434.6 3 1
github.com/WillyV3/cp3/internal/mcp/mcp.go:434.6,435.10 1 1
github.com/WillyV3/cp3/internal/mcp/mcp.go:436.21,437.10 1 0
github.com/WillyV3/cp3/internal/mcp/mcp.go:438.15,441.17 3 0
github.com/WillyV3/cp3/internal/mcp/mcp.go:441.17,442.13 1 0
github.com/WillyV3/cp3/internal/mcp/mcp.go:444.4,445.18 2 0
github.com/WillyV3/cp3/internal/mcp/mcp.go:445.18,446.13 1 0
github.com/WillyV3/cp3/internal/mcp/mcp.go:448.4,448.41 1 0
github.com/WillyV3/cp3/internal/mcp/mcp.go:448.41,450.13 2 0
github.com/WillyV3/cp3/internal/mcp/mcp.go:453.4,453.56 1 0
github.com/WillyV3/cp3/internal/mcp/mcp.go:453.56,454.44 1 0
github.com/WillyV3/cp3/internal/mcp/mcp.go:454.44,456.14 2 0
github.com/WillyV3/cp3/internal/mcp/mcp.go:458.5,458.94 1 0
github.com/WillyV3/cp3/internal/mcp/mcp.go:466.40,467.25 1 0
github.com/WillyV3/cp3/internal/mcp/mcp.go:467.25,469.3 1 0
github.com/WillyV3/cp3/internal/mcp/mcp.go:470.2,479.4 4 0
github.com/WillyV3/cp3/internal/mcp/mcp.go:485.61,486.49 1 1
github.com/WillyV3/cp3/internal/mcp/mcp.go:486.49,495.3 5 0
github.com/WillyV3/cp3/internal/mcp/mcp.go:501.62,505.37 4 0
github.com/WillyV3/cp3/internal/mcp/mcp.go:505.37,506.24 1 0
github.com/WillyV3/cp3/internal/mcp/mcp.go:506.24,508.9 2 0
github.com/WillyV3/cp3/internal/mcp/mcp.go:511.2,512.12 2 0
github.com/WillyV3/cp3/internal/mcp/mcp.go:512.12,514.3 1 0
github.com/WillyV3/cp3/internal/mcp/mcp.go:515.2,528.4 1 0
github.com/WillyV3/cp3/internal/mcp/mcp.go:531.62,534.2 2 1
github.com/WillyV3/cp3/internal/mcp/mcp.go:540.45,541.6 1 0
github.com/WillyV3/cp3/internal/mcp/mcp.go:541.6,543.17 2 0
github.com/WillyV3/cp3/internal/mcp/mcp.go:543.17,545.4 1 0
github.com/WillyV3/cp3/internal/mcp/mcp.go:546.3,546.21 1 0
github.com/WillyV3/cp3/internal/mcp/mcp.go:547.21,548.24 1 0
github.com/WillyV3/cp3/internal/mcp/mcp.go:549.36,549.36 0 0
github.com/WillyV3/cp3/internal/mcp/mcp.go:551.21,552.61 1 0
github.com/WillyV3/cp3/internal/mcp/mcp.go:553.21,554.41 1 0
github.com/WillyV3/cp3/internal/mcp/mcp.go:555.11,556.21 1 0
github.com/WillyV3/cp3/internal/mcp/mcp.go:556.21,558.5 1 0
github.com/WillyV3/cp3/internal/mcp/mcp.go:563.37,573.2 1 0
github.com/WillyV3/cp3/internal/mcp/mcp.go:575.59,577.20 2 0
github.com/WillyV3/cp3/internal/mcp/mcp.go:577.20,579.3 1 0
github.com/WillyV3/cp3/internal/mcp/mcp.go:580.2,582.25 3 0
github.com/WillyV3/cp3/internal/mcp/mcp.go:582.25,584.18 2 0
github.com/WillyV3/cp3/internal/mcp/mcp.go:584.18,586.4 1 0
github.com/WillyV3/cp3/internal/mcp/mcp.go:587.3,588.22 2 0
github.com/WillyV3/cp3/internal/mcp/mcp.go:588.22,590.4 1 0
github.com/WillyV3/cp3/internal/mcp/mcp.go:592.2,592.19 1 0
github.com/WillyV3/cp3/internal/mcp/mcp.go:595.65,597.2 1 1
github.com/WillyV3/cp3/internal/mcp/mcp.go:599.64,604.2 1 1
github.com/WillyV3/cp3/internal/mcp/mcp.go:606.82,613.19 3 1
github.com/WillyV3/cp3/internal/mcp/mcp.go:614.20,618.26 4 1
github.com/WillyV3/cp3/internal/mcp/mcp.go:618.26,620.19 2 1
github.com/WillyV3/cp3/internal/mcp/mcp.go:620.19,622.5 1 0
github.com/WillyV3/cp3/internal/mcp/mcp.go:623.4,624.30 2 1
github.com/WillyV3/cp3/internal/mcp/mcp.go:624.30,626.5 1 1
github.com/WillyV3/cp3/internal/mcp/mcp.go:627.4,628.23 2 1
github.com/WillyV3/cp3/internal/mcp/mcp.go:628.23,630.5 1 0
github.com/WillyV3/cp3/internal/mcp/mcp.go:632.3,632.38 1 1
github.com/WillyV3/cp3/internal/mcp/mcp.go:634.22,637.36 3 1
github.com/WillyV3/cp3/internal/mcp/mcp.go:637.36,640.4 2 1
github.com/WillyV3/cp3/internal/mcp/mcp.go:641.3,642.30 2 1
github.com/WillyV3/cp3/internal/mcp/mcp.go:642.30,645.4 2 1
github.com/WillyV3/cp3/internal/mcp/mcp.go:649.3,649.46 1 1
github.com/WillyV3/cp3/internal/mcp/mcp.go:651.21,654.21 3 1
github.com/WillyV3/cp3/internal/mcp/mcp.go:654.21,657.4 2 1
github.com/WillyV3/cp3/internal/mcp/mcp.go:658.3,658.66 1 1
github.com/WillyV3/cp3/internal/mcp/mcp.go:658.66,661.4 2 0
github.com/WillyV3/cp3/internal/mcp/mcp.go:662.3,662.40 1 1
github.com/WillyV3/cp3/internal/mcp/mcp.go:664.24,670.26 4 1
github.com/WillyV3/cp3/internal/mcp/mcp.go:670.26,672.4 1 1
github.com/WillyV3/cp3/internal/mcp/mcp.go:673.3,673.30 1 1
github.com/WillyV3/cp3/internal/mcp/mcp.go:673.30,674.19 1 0
github.com/WillyV3/cp3/internal/mcp/mcp.go:674.19,676.5 1 0
github.com/WillyV3/cp3/internal/mcp/mcp.go:678.3,680.21 3 1
github.com/WillyV3/cp3/internal/mcp/mcp.go:680.21,683.4 2 1
github.com/WillyV3/cp3/internal/mcp/mcp.go:684.3,686.26 3 1
github.com/WillyV3/cp3/internal/mcp/mcp.go:686.26,688.4 1 1
github.com/WillyV3/cp3/internal/mcp/mcp.go:689.3,689.38 1 1
github.com/WillyV3/cp3/internal/mcp/mcp.go:691.26,694.19 3 1
github.com/WillyV3/cp3/internal/mcp/mcp.go:694.19,697.4 2 0
github.com/WillyV3/cp3/internal/mcp/mcp.go:700.3,701.19 2 1
github.com/WillyV3/cp3/internal/mcp/mcp.go:701.19,704.4 2 0
github.com/WillyV3/cp3/internal/mcp/mcp.go:705.3,706.66 2 1
github.com/WillyV3/cp3/internal/mcp/mcp.go:706.66,709.4 2 0
github.com/WillyV3/cp3/internal/mcp/mcp.go:709.9,709.24 1 1
github.com/WillyV3/cp3/internal/mcp/mcp.go:709.24,712.4 2 0
github.com/WillyV3/cp3/internal/mcp/mcp.go:713.3,716.26 4 1
github.com/WillyV3/cp3/internal/mcp/mcp.go:716.26,718.4 1 1
github.com/WillyV3/cp3/internal/mcp/mcp.go:719.3,722.19 4 1
github.com/WillyV3/cp3/internal/mcp/mcp.go:722.19,724.4 1 1
github.com/WillyV3/cp3/internal/mcp/mcp.go:725.3,726.71 2 1
github.com/WillyV3/cp3/internal/mcp/mcp.go:728.10,729.57 1 1
github.com/WillyV3/cp3/internal/mcp/mcp.go:735.24,738.2 2 0
github.com/WillyV3/cp3/internal/mcp/mcp.go:740.26,743.2 1 0
github.com/WillyV3/cp3/internal/mcp/spool.go:26.37,28.31 2 1
github.com/WillyV3/cp3/internal/mcp/spool.go:28.31,30.3 1 0
github.com/WillyV3/cp3/internal/mcp/spool.go:31.2,31.99 1 1
github.com/WillyV3/cp3/internal/mcp/spool.go:35.49,37.13 2 1
github.com/WillyV3/cp3/internal/mcp/spool.go:37.13,39.3 1 0
github.com/WillyV3/cp3/internal/mcp/spool.go:40.2,42.60 3 1
github.com/WillyV3/cp3/internal/mcp/spool.go:42.60,44.3 1 0
github.com/WillyV3/cp3/internal/mcp/spool.go:45.2,46.16 2 1
github.com/WillyV3/cp3/internal/mcp/spool.go:46.16,48.3 1 0
github.com/WillyV3/cp3/internal/mcp/spool.go:49.2,51.16 3 1
github.com/WillyV3/cp3/internal/mcp/spool.go:51.16,53.3 1 0
github.com/WillyV3/cp3/internal/mcp/spool.go:54.2,54.26 1 1
github.com/WillyV3/cp3/internal/mcp/spool.go:60.47,62.13 2 1
github.com/WillyV3/cp3/internal/mcp/spool.go:62.13,64.3 1 0
github.com/WillyV3/cp3/internal/mcp/spool.go:65.2,68.16 4 1
github.com/WillyV3/cp3/internal/mcp/spool.go:68.16,70.3 1 1
github.com/WillyV3/cp3/internal/mcp/spool.go:71.2,72.54 2 1
github.com/WillyV3/cp3/internal/mcp/spool.go:72.54,73.36 1 1
github.com/WillyV3/cp3/internal/mcp/spool.go:73.36,74.12 1 1
github.com/WillyV3/cp3/internal/mcp/spool.go:76.3,77.46 2 1
github.com/WillyV3/cp3/internal/mcp/spool.go:77.46,79.4 1 1
github.com/WillyV3/cp3/internal/mcp/spool.go:81.2,82.12 2 1
github.com/WillyV3/cp3/internal/mcp/statefile.go:27.24,29.16 2 1
github.com/WillyV3/cp3/internal/mcp/statefile.go:29.16,31.3 1 0
github.com/WillyV3/cp3/internal/mcp/statefile.go:32.2,32.71 1 1
github.com/WillyV3/cp3/internal/mcp/statefile.go:36.32,38.13 2 1
github.com/WillyV3/cp3/internal/mcp/statefile.go:38.13,40.3 1 0
github.com/WillyV3/cp3/internal/mcp/statefile.go:41.2,41.44 1 1
github.com/WillyV3/cp3/internal/mcp/statefile.go:45.38,48.13 3 1
github.com/WillyV3/cp3/internal/mcp/statefile.go:48.13,50.3 1 0
github.com/WillyV3/cp3/internal/mcp/statefile.go:51.2,52.16 2 1
github.com/WillyV3/cp3/internal/mcp/statefile.go:52.16,54.3 1 1
github.com/WillyV3/cp3/internal/mcp/statefile.go:55.2,56.11 2 1
github.com/WillyV3/cp3/internal/mcp/statefile.go:59.31,61.13 2 1
github.com/WillyV3/cp3/internal/mcp/statefile.go:61.13,63.3 1 0
github.com/WillyV3/cp3/internal/mcp/statefile.go:64.2,67.29 4 1
github.com/WillyV3/cp3/internal/mcp/statefile.go:77.29,79.16 2 1
github.com/WillyV3/cp3/internal/mcp/statefile.go:79.16,81.3 1 0
github.com/WillyV3/cp3/internal/mcp/statefile.go:82.2,83.25 2 1
github.com/WillyV3/cp3/internal/mcp/statefile.go:83.25,84.69 1 1
github.com/WillyV3/cp3/internal/mcp/statefile.go:84.69,86.4 1 0
github.com/WillyV3/cp3/internal/opencode/opencode.go:23.32,24.32 1 0
github.com/WillyV3/cp3/internal/opencode/opencode.go:24.32,26.3 1 0
github.com/WillyV3/cp3/internal/opencode/opencode.go:27.2,27.12 1 0
github.com/WillyV3/cp3/internal/opencode/opencode.go:37.57,43.16 6 0
github.com/WillyV3/cp3/internal/opencode/opencode.go:43.16,45.3 1 0
github.com/WillyV3/cp3/internal/opencode/opencode.go:46.2,50.64 3 0
github.com/WillyV3/cp3/internal/opencode/opencode.go:50.64,52.3 1 0
github.com/WillyV3/cp3/internal/opencode/opencode.go:53.2,53.23 1 0
github.com/WillyV3/cp3/internal/opencode/opencode.go:53.23,55.3 1 0
github.com/WillyV3/cp3/internal/opencode/opencode.go:56.2,56.25 1 0
github.com/WillyV3/cp3/internal/opencode/opencode.go:59.73,61.28 2 0
github.com/WillyV3/cp3/internal/opencode/opencode.go:61.28,63.3 1 0
github.com/WillyV3/cp3/internal/opencode/opencode.go:64.2,71.16 5 0
github.com/WillyV3/cp3/internal/opencode/opencode.go:71.16,73.3 1 0
github.com/WillyV3/cp3/internal/opencode/opencode.go:74.2,75.53 2 0
github.com/WillyV3/cp3/internal/opencode/opencode.go:75.53,78.3 2 0
github.com/WillyV3/cp3/internal/opencode/opencode.go:79.2,79.12 1 0
github.com/WillyV3/cp3/internal/opencode/opencode.go:83.12,85.16 2 0
github.com/WillyV3/cp3/internal/opencode/opencode.go:85.16,88.3 2 0
github.com/WillyV3/cp3/internal/opencode/opencode.go:89.2,90.16 2 0
github.com/WillyV3/cp3/internal/opencode/opencode.go:90.16,93.3 2 0
github.com/WillyV3/cp3/internal/opencode/opencode.go:94.2,100.16 5 0
github.com/WillyV3/cp3/internal/opencode/opencode.go:100.16,103.3 2 0
github.com/WillyV3/cp3/internal/opencode/opencode.go:104.2,109.62 5 0
github.com/WillyV3/cp3/internal/opencode/opencode.go:109.62,109.96 1 0
github.com/WillyV3/cp3/internal/opencode/opencode.go:109.110,112.3 2 0
